#
# There is insufficient memory for the Java Runtime Environment to continue.
# Native memory allocation (mmap) failed to map 264241152 bytes. Error detail: G1 virtual space
# Possible reasons:
#   The system is out of physical RAM or swap space
#   This process is running with CompressedOops enabled, and the Java Heap may be blocking the growth of the native heap
# Possible solutions:
#   Reduce memory load on the system
#   Increase physical memory or swap space
#   Check if swap backing store is full
#   Decrease Java heap size (-Xmx/-Xms)
#   Decrease number of Java threads
#   Decrease Java thread stack sizes (-Xss)
#   Set larger code cache with -XX:ReservedCodeCacheSize=
#   JVM is running with Zero Based Compressed Oops mode in which the Java heap is
#     placed in the first 32GB address space. The Java Heap base address is the
#     maximum limit for the native heap growth. Please use -XX:HeapBaseMinAddress
#     to set the Java Heap base and to place the Java Heap above 32GB virtual address.
# This output file may be truncated or incomplete.
#
#  Out of Memory Error (os_windows.cpp:3613), pid=20920, tid=11180
#
# JRE version:  (17.0.11+9) (build )
# Java VM: OpenJDK 64-Bit Server VM (17.0.11+9-LTS, mixed mode, sharing, tiered, compressed oops, compressed class ptrs, g1 gc, windows-amd64)
# No core dump will be written. Minidumps are not enabled by default on client versions of Windows
#

---------------  S U M M A R Y ------------

Command Line: org.jetbrains.kotlin.cli.jvm.K2JVMCompiler @C:\Users\ErenElagz\Development\HitBis-Cycle-Rent-App\node_modules\react-native-screens\android\build\20241123_13695213256147238910.compiler.options

Host: 11th Gen Intel(R) Core(TM) i5-11400H @ 2.70GHz, 12 cores, 15G,  Windows 11 , 64 bit Build 26100 (10.0.26100.2454)
Time: Sat Nov 23 18:41:51 2024 Turkey Standard Time elapsed time: 1.057241 seconds (0d 0h 0m 1s)

---------------  T H R E A D  ---------------

Current thread (0x0000018edcd0da10):  JavaThread "Unknown thread" [_thread_in_vm, id=11180, stack(0x000000653b100000,0x000000653b200000)]

Stack: [0x000000653b100000,0x000000653b200000]
Native frames: (J=compiled Java code, j=interpreted, Vv=VM code, C=native code)
V  [jvm.dll+0x67f6d9]
V  [jvm.dll+0x83773a]
V  [jvm.dll+0x8391fe]
V  [jvm.dll+0x839863]
V  [jvm.dll+0x247fbf]
V  [jvm.dll+0x67c519]
V  [jvm.dll+0x670f8a]
V  [jvm.dll+0x309bdb]
V  [jvm.dll+0x311086]
V  [jvm.dll+0x360a6e]
V  [jvm.dll+0x360c9f]
V  [jvm.dll+0x2e0928]
V  [jvm.dll+0x2e1894]
V  [jvm.dll+0x8090e1]
V  [jvm.dll+0x36e7c1]
V  [jvm.dll+0x7e7b06]
V  [jvm.dll+0x3f202f]
V  [jvm.dll+0x3f3b81]
C  [jli.dll+0x528f]
C  [ucrtbase.dll+0x14ea0]
C  [KERNEL32.DLL+0x2e8d7]
C  [ntdll.dll+0xdfbcc]


---------------  P R O C E S S  ---------------

Threads class SMR info:
_java_thread_list=0x00007ffc09082f18, length=0, elements={
}

Java Threads: ( => current thread )

Other Threads:
  0x0000018edcd7ce50 GCTaskThread "GC Thread#0" [stack: 0x000000653b200000,0x000000653b300000] [id=10032]
  0x0000018edcd8d9a0 ConcurrentGCThread "G1 Main Marker" [stack: 0x000000653b300000,0x000000653b400000] [id=20936]
  0x0000018edcd8e3c0 ConcurrentGCThread "G1 Conc#0" [stack: 0x000000653b400000,0x000000653b500000] [id=18100]

[error occurred during error reporting (printing all threads), id 0xc0000005, EXCEPTION_ACCESS_VIOLATION (0xc0000005) at pc=0x00007ffc08841367]

VM state: not at safepoint (not fully initialized)

VM Mutex/Monitor currently owned by a thread:  ([mutex/lock_event])
[0x0000018edcd0b550] Heap_lock - owner thread: 0x0000018edcd0da10

Heap address: 0x0000000704000000, size: 4032 MB, Compressed Oops mode: Zero based, Oop shift amount: 3

CDS archive(s) mapped at: [0x0000000000000000-0x0000000000000000-0x0000000000000000), size 0, SharedBaseAddress: 0x0000000800000000, ArchiveRelocationMode: 1.
Narrow klass base: 0x0000000000000000, Narrow klass shift: 0, Narrow klass range: 0x0

GC Precious Log:
<Empty>

Heap:
 garbage-first heap   total 0K, used 0K [0x0000000704000000, 0x0000000800000000)
  region size 2048K, 0 young (0K), 0 survivors (0K)

[error occurred during error reporting (printing heap information), id 0xc0000005, EXCEPTION_ACCESS_VIOLATION (0xc0000005) at pc=0x00007ffc08c29a59]

GC Heap History (0 events):
No events

Dll operation events (1 events):
Event: 0.017 Loaded shared library C:\Program Files\Microsoft\jdk-17.0.11.9-hotspot\bin\java.dll

Deoptimization events (0 events):
No events

Classes unloaded (0 events):
No events

Classes redefined (0 events):
No events

Internal exceptions (0 events):
No events

VM Operations (0 events):
No events

Events (0 events):
No events


Dynamic libraries:
0x00007ff71cf70000 - 0x00007ff71cf7e000 	C:\Program Files\Microsoft\jdk-17.0.11.9-hotspot\bin\java.exe
0x00007ffcaace0000 - 0x00007ffcaaf43000 	C:\WINDOWS\SYSTEM32\ntdll.dll
0x00007ffca9770000 - 0x00007ffca9838000 	C:\WINDOWS\System32\KERNEL32.DLL
0x00007ffca8290000 - 0x00007ffca8642000 	C:\WINDOWS\System32\KERNELBASE.dll
0x00007ffca8650000 - 0x00007ffca879b000 	C:\WINDOWS\System32\ucrtbase.dll
0x00007ffc95b80000 - 0x00007ffc95b97000 	C:\Program Files\Microsoft\jdk-17.0.11.9-hotspot\bin\jli.dll
0x00007ffca8c80000 - 0x00007ffca8e48000 	C:\WINDOWS\System32\USER32.dll
0x00007ffca8920000 - 0x00007ffca8947000 	C:\WINDOWS\System32\win32u.dll
0x00007ffca9740000 - 0x00007ffca976a000 	C:\WINDOWS\System32\GDI32.dll
0x00007ffca80b0000 - 0x00007ffca81db000 	C:\WINDOWS\System32\gdi32full.dll
0x00007ffca81e0000 - 0x00007ffca8283000 	C:\WINDOWS\System32\msvcp_win.dll
0x00007ffc988d0000 - 0x00007ffc988eb000 	C:\Program Files\Microsoft\jdk-17.0.11.9-hotspot\bin\VCRUNTIME140.dll
0x00007ffc952c0000 - 0x00007ffc95550000 	C:\WINDOWS\WinSxS\amd64_microsoft.windows.common-controls_6595b64144ccf1df_6.0.26100.2454_none_3e0b68a2e331ad60\COMCTL32.dll
0x00007ffca92e0000 - 0x00007ffca9389000 	C:\WINDOWS\System32\msvcrt.dll
0x00007ffca9560000 - 0x00007ffca958f000 	C:\WINDOWS\System32\IMM32.DLL
0x00007ffca01d0000 - 0x00007ffca01dc000 	C:\Program Files\Microsoft\jdk-17.0.11.9-hotspot\bin\vcruntime140_1.dll
0x00007ffc72c60000 - 0x00007ffc72ced000 	C:\Program Files\Microsoft\jdk-17.0.11.9-hotspot\bin\msvcp140.dll
0x00007ffc08550000 - 0x00007ffc091b6000 	C:\Program Files\Microsoft\jdk-17.0.11.9-hotspot\bin\server\jvm.dll
0x00007ffca8b40000 - 0x00007ffca8bf4000 	C:\WINDOWS\System32\ADVAPI32.dll
0x00007ffca95a0000 - 0x00007ffca9646000 	C:\WINDOWS\System32\sechost.dll
0x00007ffca9a20000 - 0x00007ffca9b36000 	C:\WINDOWS\System32\RPCRT4.dll
0x00007ffca6d20000 - 0x00007ffca6d6e000 	C:\WINDOWS\SYSTEM32\POWRPROF.dll
0x00007ffc9d1b0000 - 0x00007ffc9d1ba000 	C:\WINDOWS\SYSTEM32\WSOCK32.dll
0x00007ffca9fc0000 - 0x00007ffcaa034000 	C:\WINDOWS\System32\WS2_32.dll
0x00007ffc99bf0000 - 0x00007ffc99c26000 	C:\WINDOWS\SYSTEM32\WINMM.dll
0x00007ffc9cda0000 - 0x00007ffc9cdab000 	C:\WINDOWS\SYSTEM32\VERSION.dll
0x00007ffca6d00000 - 0x00007ffca6d14000 	C:\WINDOWS\SYSTEM32\UMPDC.dll
0x00007ffca6fc0000 - 0x00007ffca6fda000 	C:\WINDOWS\SYSTEM32\kernel.appcore.dll
0x00007ffc9d060000 - 0x00007ffc9d06a000 	C:\Program Files\Microsoft\jdk-17.0.11.9-hotspot\bin\jimage.dll
0x00007ffca5a70000 - 0x00007ffca5cb1000 	C:\WINDOWS\SYSTEM32\DBGHELP.DLL
0x00007ffca8e50000 - 0x00007ffca91ce000 	C:\WINDOWS\System32\combase.dll
0x00007ffca91e0000 - 0x00007ffca92b6000 	C:\WINDOWS\System32\OLEAUT32.dll
0x00007ffc008e0000 - 0x00007ffc00919000 	C:\WINDOWS\SYSTEM32\dbgcore.DLL
0x00007ffca8950000 - 0x00007ffca89e9000 	C:\WINDOWS\System32\bcryptPrimitives.dll
0x00007ffc72e30000 - 0x00007ffc72e55000 	C:\Program Files\Microsoft\jdk-17.0.11.9-hotspot\bin\java.dll

dbghelp: loaded successfully - version: 4.0.5 - missing functions: none
symbol engine: initialized successfully - sym options: 0x614 - pdb path: .;C:\Program Files\Microsoft\jdk-17.0.11.9-hotspot\bin;C:\WINDOWS\SYSTEM32;C:\WINDOWS\WinSxS\amd64_microsoft.windows.common-controls_6595b64144ccf1df_6.0.26100.2454_none_3e0b68a2e331ad60;C:\Program Files\Microsoft\jdk-17.0.11.9-hotspot\bin\server

VM Arguments:
java_command: org.jetbrains.kotlin.cli.jvm.K2JVMCompiler @C:\Users\ErenElagz\Development\HitBis-Cycle-Rent-App\node_modules\react-native-screens\android\build\20241123_13695213256147238910.compiler.options
java_class_path (initial): C:\Users\ErenElagz\.gradle\caches\modules-2\files-2.1\org.jetbrains.kotlin\kotlin-compiler-embeddable\1.9.24\78dab849090e6c5e2eadb6e59a11cdc28fb67a08\kotlin-compiler-embeddable-1.9.24.jar;C:\Users\ErenElagz\.gradle\caches\modules-2\files-2.1\org.jetbrains.kotlin\kotlin-stdlib\1.9.24\9928532f12c66ad816a625b3f9984f8368ca6d2b\kotlin-stdlib-1.9.24.jar;C:\Users\ErenElagz\.gradle\caches\modules-2\files-2.1\org.jetbrains.kotlin\kotlin-script-runtime\1.9.24\96771497da90fbc5af1c90fce148db2595a62502\kotlin-script-runtime-1.9.24.jar;C:\Users\ErenElagz\.gradle\caches\modules-2\files-2.1\org.jetbrains.kotlin\kotlin-reflect\1.6.10\1cbe9c92c12a94eea200d23c2bbaedaf3daf5132\kotlin-reflect-1.6.10.jar;C:\Users\ErenElagz\.gradle\caches\modules-2\files-2.1\org.jetbrains.kotlin\kotlin-daemon-embeddable\1.9.24\86685b9c5e8d170925bd9ddbdc263374a6a73281\kotlin-daemon-embeddable-1.9.24.jar;C:\Users\ErenElagz\.gradle\caches\modules-2\files-2.1\org.jetbrains.intellij.deps\trove4j\1.0.20200330\3afb14d5f9ceb459d724e907a21145e8ff394f02\trove4j-1.0.20200330.jar;C:\Users\ErenElagz\.gradle\caches\modules-2\files-2.1\org.jetbrains\annotations\13.0\919f0dfe192fb4e063e7dacadee7f8bb9a2672a9\annotations-13.0.jar
Launcher Type: SUN_STANDARD

[Global flags]
     intx CICompilerCount                          = 4                                         {product} {ergonomic}
     uint ConcGCThreads                            = 3                                         {product} {ergonomic}
     uint G1ConcRefinementThreads                  = 10                                        {product} {ergonomic}
   size_t G1HeapRegionSize                         = 2097152                                   {product} {ergonomic}
    uintx GCDrainStackTargetSize                   = 64                                        {product} {ergonomic}
   size_t InitialHeapSize                          = 264241152                                 {product} {ergonomic}
   size_t MarkStackSize                            = 4194304                                   {product} {ergonomic}
   size_t MaxHeapSize                              = 4227858432                                {product} {ergonomic}
   size_t MinHeapDeltaBytes                        = 2097152                                   {product} {ergonomic}
   size_t MinHeapSize                              = 8388608                                   {product} {ergonomic}
    uintx NonNMethodCodeHeapSize                   = 5839372                                {pd product} {ergonomic}
    uintx NonProfiledCodeHeapSize                  = 122909434                              {pd product} {ergonomic}
    uintx ProfiledCodeHeapSize                     = 122909434                              {pd product} {ergonomic}
    uintx ReservedCodeCacheSize                    = 251658240                              {pd product} {ergonomic}
     bool SegmentedCodeCache                       = true                                      {product} {ergonomic}
   size_t SoftMaxHeapSize                          = 4227858432                             {manageable} {ergonomic}
     bool UseCompressedClassPointers               = true                           {product lp64_product} {ergonomic}
     bool UseCompressedOops                        = true                           {product lp64_product} {ergonomic}
     bool UseG1GC                                  = true                                      {product} {ergonomic}
     bool UseLargePagesIndividualAllocation        = false                                  {pd product} {ergonomic}

Logging:
Log output configuration:
 #0: stdout all=warning uptime,level,tags
 #1: stderr all=off uptime,level,tags

Environment Variables:
JAVA_HOME=C:\Program Files\Microsoft\jdk-17.0.11.9-hotspot
CLASSPATH=C:\Users\ErenElagz\Development\HitBis-Cycle-Rent-App\android\\gradle\wrapper\gradle-wrapper.jar
PATH=C:\Users\ErenElagz\Development\HitBis-Cycle-Rent-App\node_modules\.bin;C:\Users\ErenElagz\Development\HitBis-Cycle-Rent-App\node_modules\.bin;C:\Users\ErenElagz\Development\node_modules\.bin;C:\Users\ErenElagz\node_modules\.bin;C:\Users\node_modules\.bin;C:\node_modules\.bin;C:\Program Files\nodejs\node_modules\npm\node_modules\@npmcli\run-script\lib\node-gyp-bin;C:\Users\ErenElagz\Development\HitBis-Cycle-Rent-App\node_modules\.bin;C:\Users\ErenElagz\Development\node_modules\.bin;C:\Users\ErenElagz\node_modules\.bin;C:\Users\node_modules\.bin;C:\node_modules\.bin;C:\Program Files\nodejs\node_modules\npm\node_modules\@npmcli\run-script\lib\node-gyp-bin;C:\Program Files\Microsoft\jdk-17.0.11.9-hotspot\bin;C:\WINDOWS\system32;C:\WINDOWS;C:\WINDOWS\System32\Wbem;C:\WINDOWS\System32\WindowsPowerShell\v1.0\;C:\WINDOWS\System32\OpenSSH\;C:\Program Files (x86)\NVIDIA Corporation\PhysX\Common;C:\ProgramData\chocolatey\bin;C:\Program Files\Git\cmd;C:\Users\ErenElagz\AppData\Local\Android\Sdk\platform-tools;C:\Program Files\nodejs\;C:\Program Files\NVIDIA Corporation\NVIDIA app\NvDLISR;C:\Users\ErenElagz\AppData\Local\Programs\Python\Python312\Scripts\;C:\Users\ErenElagz\AppData\Local\Programs\Python\Python312\;C:\Users\ErenElagz\AppData\Local\Programs\Python\Python39\Scripts\;C:\Users\ErenElagz\AppData\Local\Programs\Python\Python39\;C:\Users\ErenElagz\AppData\Local\Microsoft\WindowsApps;C:\Users\ErenElagz\AppData\Local\Programs\Microsoft VS Code\bin;C:\Program Files\Microsoft\jdk-17.0.11.9-hotspot\bin;C:\Users\ErenElagz\AppData\Local\Android\Sdk\cmdline-tools\latest\bin;C:\Users\ErenElagz\AppData\Local\Android\Sdk\emulator;C:\Users\ErenElagz\AppData\Local\Android\Sdk\platform-tools;C:\Users\ErenElagz\AppData\Roaming\npm;
USERNAME=ErenElagz
LANG=en_US.UTF-8
OS=Windows_NT
PROCESSOR_IDENTIFIER=Intel64 Family 6 Model 141 Stepping 1, GenuineIntel
TMP=C:\Users\ERENEL~1\AppData\Local\Temp
TEMP=C:\Users\ERENEL~1\AppData\Local\Temp



Periodic native trim disabled


---------------  S Y S T E M  ---------------

OS:
 Windows 11 , 64 bit Build 26100 (10.0.26100.2454)
OS uptime: 0 days 5:36 hours
Hyper-V role detected

CPU: total 12 (initial active 12) (6 cores per cpu, 2 threads per core) family 6 model 141 stepping 1 microcode 0x34, cx8, cmov, fxsr, ht, mmx, 3dnowpref, sse, sse2, sse3, ssse3, sse4.1, sse4.2, popcnt, lzcnt, tsc, tscinvbit, avx, avx2, aes, erms, clmul, bmi1, bmi2, adx, avx512f, avx512dq, avx512cd, avx512bw, avx512vl, sha, fma, vzeroupper, avx512_vpopcntdq, avx512_vpclmulqdq, avx512_vaes, avx512_vnni, clflush, clflushopt, clwb, avx512_vbmi2, avx512_vbmi, hv
Processor Information for all 12 processors :
  Max Mhz: 2688, Current Mhz: 2688, Mhz Limit: 2688

Memory: 4k page, system-wide physical 16122M (1833M free)
TotalPageFile size 20170M (AvailPageFile size 0M)
current process WorkingSet (physical memory assigned to process): 12M, peak: 12M
current process commit charge ("private bytes"): 64M, peak: 316M

vm_info: OpenJDK 64-Bit Server VM (17.0.11+9-LTS) for windows-amd64 JRE (17.0.11+9-LTS), built on Apr  9 2024 22:05:54 by "MicrosoftCorporation" with MS VC++ 16.10 / 16.11 (VS2019)

END.
